<?xml version="1.0" encoding="UTF-8"?>
<!-- Generated by org.testng.reporters.JUnitReportReporter -->
<testsuite hostname="Ciarans-MacBook-Pro.local" failures="0" tests="2" name="com.codewithciaran.Test_Case1" time="7.461" errors="0" timestamp="2023-01-24T15:55:44 GMT" skipped="0">
  <testcase classname="com.codewithciaran.Test_Case1" name="Banking365_NavigationPages" time="2.870"/>
  <system-out/>
  <testcase classname="com.codewithciaran.Test_Case1" name="Banking365_Successful_Login" time="4.591"/>
  <system-out/>
</testsuite> <!-- com.codewithciaran.Test_Case1 -->
