<?xml version="1.0" encoding="UTF-8"?>
<!-- Generated by org.testng.reporters.JUnitReportReporter -->
<testsuite hostname="Ciarans-MacBook-Pro.local" failures="0" tests="3" name="com.codewithciaran.Test_Case1" time="15.698" errors="0" timestamp="2023-01-26T12:18:11 GMT" skipped="0">
  <testcase classname="com.codewithciaran.Test_Case1" name="Banking365_NavigationPages" time="2.912"/>
  <system-out/>
  <testcase classname="com.codewithciaran.Test_Case1" name="Banking365_Successful_Login" time="8.705"/>
  <system-out/>
  <testcase classname="com.codewithciaran.Test_Case1" name="enterPAC" time="4.081"/>
  <system-out/>
</testsuite> <!-- com.codewithciaran.Test_Case1 -->
