<?xml version="1.0" encoding="UTF-8"?>
<!-- Generated by org.testng.reporters.JUnitReportReporter -->
<testsuite hostname="Ciarans-MacBook-Pro.local" failures="0" tests="2" name="com.codewithciaran.Test_Case1" time="1.283" errors="0" timestamp="2023-01-23T13:26:27 GMT" skipped="0">
  <testcase classname="com.codewithciaran.Test_Case1" name="printText" time="0.000"/>
  <system-out/>
  <testcase classname="com.codewithciaran.Test_Case1" name="test1" time="1.283"/>
  <system-out/>
</testsuite> <!-- com.codewithciaran.Test_Case1 -->
